<?xml version="1.0" encoding="UTF-8"?>
<!-- Generated by org.testng.reporters.JUnitReportReporter -->
<testsuite hostname="DELLInspiron3567" failures="0" tests="1" name="Testcases.Login_page_testcases" time="105.730" errors="0" timestamp="2023-06-29T07:42:30 IST" skipped="0">
  <testcase classname="Testcases.Login_page_testcases" name="launch_browser" time="105.730"/>
</testsuite> <!-- Testcases.Login_page_testcases -->
